\BOOKMARK [0][]{figure.caption.1}{Inhaltsverzeichnis}{}% 1
\BOOKMARK [0][]{figure.caption.1}{Abbildungsverzeichnis}{}% 2
\BOOKMARK [0][]{section*.2}{Tabellenverzeichnis}{}% 3
\BOOKMARK [0][]{chapter*.3}{Abk\374rzungsverzeichnis}{}% 4
\BOOKMARK [0][]{chapter.1}{1 Einf\374hrung und Ziele}{}% 5
\BOOKMARK [0][]{chapter.2}{2 Anwendungsdom\344ne - Wettbewerbsverwaltung}{}% 6
\BOOKMARK [1][]{section.2.1}{2.1 Beschreibung}{chapter.2}% 7
\BOOKMARK [1][]{section.2.2}{2.2 Anforderungen}{chapter.2}% 8
\BOOKMARK [1][]{section.2.3}{2.3 Datenmodell}{chapter.2}% 9
\BOOKMARK [0][]{chapter.3}{3 Gesamtsystem}{}% 10
\BOOKMARK [1][]{section.3.1}{3.1 Komponentendiagramm}{chapter.3}% 11
\BOOKMARK [0][]{chapter.4}{4 Systembechreibung des CRUD-Frameworks}{}% 12
\BOOKMARK [1][]{section.4.1}{4.1 Beschreibung und L\366sungsstrategie}{chapter.4}% 13
\BOOKMARK [1][]{section.4.2}{4.2 Anforderungen}{chapter.4}% 14
\BOOKMARK [1][]{section.4.3}{4.3 Datenmodel des Frameworks}{chapter.4}% 15
\BOOKMARK [1][]{section.4.4}{4.4 Templates}{chapter.4}% 16
\BOOKMARK [1][]{section.4.5}{4.5 Controller}{chapter.4}% 17
\BOOKMARK [2][]{subsection.4.5.1}{4.5.1 MainController}{section.4.5}% 18
\BOOKMARK [2][]{subsection.4.5.2}{4.5.2 UI-Controller}{section.4.5}% 19
\BOOKMARK [2][]{subsection.4.5.3}{4.5.3 Service-Controller}{section.4.5}% 20
\BOOKMARK [0][]{chapter.5}{5 Entwurfsentscheidungen}{}% 21
\BOOKMARK [0][]{chapter.6}{6 Erweiterungsm\366glichkeiten}{}% 22
\BOOKMARK [0][]{chapter.7}{7 Fazit}{}% 23
